18.0829 	WARNING 	We strongly recommend you activate the PTB sound engine in PsychoPy prefs as the preferred audio engine. Its timing is vastly superior. Your prefs are currently set to use ['sounddevice', 'PTB', 'pyo', 'pygame'] (in that order).
52.3033 	WARNING 	User requested fullscreen with size [1024  768], but screen is actually [1366, 768]. Using actual size
60.4324 	EXP 	Created window1 = Window(allowGUI=True, allowStencil=False, autoLog=True, backendConf=UNKNOWN, bitsMode=UNKNOWN, blendMode='avg', bpc=(8, 8, 8), color=array([0, 0, 0]), colorSpace='rgb', depthBits=8, fullscr=<method-wrapper '__getattribute__' of attributeSetter object at 0x00000294906EA040>, gamma=None, gammaErrorPolicy='raise', lms=UNKNOWN, monitor=<psychopy.monitors.calibTools.Monitor object at 0x0000029490B82820>, multiSample=False, name='window1', numSamples=2, pos=(0, 0), screen=0, size=array([1366,  768]), stencilBits=0, stereo=False, units='height', useFBO=True, useRetina=False, viewOri=0.0, viewPos=None, viewScale=None, waitBlanking=True, winType='pyglet')
60.4326 	EXP 	window1: mouseVisible = True
60.4328 	EXP 	window1: mouseVisible = False
60.4329 	EXP 	window1: Attempting to measure frame rate of screen (0) ...
60.4329 	EXP 	window1: recordFrameIntervals = False
60.5983 	EXP 	window1: recordFrameIntervals = True
60.7822 	EXP 	Screen (0) actual frame rate measured at 59.94Hz
60.7822 	EXP 	window1: recordFrameIntervals = False
70.9668 	EXP 	Created polygon = ShapeStim(__class__=<class 'psychopy.visual.shape.ShapeStim'>, anchor=('center', 'center'), autoDraw=False, autoLog=True, closeShape=True, color=method-wrapper(...), colorSpace='rgb', contrast=None, depth=0.0, fillColor=array([1, 1, 1]), fillColorSpace='rgb', fillRGB=array([1, 1, 1]), interpolate=True, lineColor=array([1, 1, 1]), lineColorSpace='rgb', lineRGB=array([1, 1, 1]), lineWidth=1.0, name='polygon', opacity=1.0, ori=0.0, pos=array([0., 0.]), size=array([0.2, 0.2]), units='height', vertices=ndarray(...), win=Window(...), windingRule=None)
70.9729 	EXP 	Created polygon_2 = ShapeStim(__class__=<class 'psychopy.visual.shape.ShapeStim'>, anchor=('center', 'center'), autoDraw=False, autoLog=True, closeShape=True, color=method-wrapper(...), colorSpace='rgb', contrast=None, depth=-1.0, fillColor=array([ 0.0039, -1.    , -1.    ]), fillColorSpace='rgb', fillRGB=array([ 0.0039, -1.    , -1.    ]), interpolate=True, lineColor=array([1, 1, 1]), lineColorSpace='rgb', lineRGB=array([1, 1, 1]), lineWidth=1.0, name='polygon_2', opacity=1.0, ori=0.0, pos=array([0., 0.]), size=array([0.2, 0.2]), units='height', vertices=ndarray(...), win=Window(...), windingRule=None)
72.0609 	EXP 	Sound sound_1 set volume 1.000
73.3157 	EXP 	Created text = TextStim(__class__=<class 'psychopy.visual.text.TextStim'>, alignHoriz=method-wrapper(...), alignText='center', alignVert=method-wrapper(...), anchorHoriz='center', anchorVert='center', antialias=True, autoDraw=False, autoLog=True, bold=False, color=array([1, 1, 1]), colorSpace='rgb', contrast=1.0, depth=0.0, flipHoriz=False, flipVert=False, font='Open Sans', fontFiles=[], height=0.05000000000000001, italic=False, languageStyle='LTR', name='text', opacity=1.0, ori=0.0, pos=array([0. , 0.3]), rgb=UNKNOWN, text=str(...), units='height', win=Window(...), wrapWidth=1)
73.4752 	EXP 	window1: mouseVisible = True
73.4964 	EXP 	Imported Conditions.xlsx as conditions, 12 conditions, 3 params
73.5498 	EXP 	Created sequence: random, trialTypes=12, nReps=60, seed=None
73.5523 	EXP 	New trial (rep=0, index=0): {'delay': 0.7, 'freq': 1000, 'condition': 'exp'}
73.6709 	EXP 	textbox: autoLog = True
73.6709 	EXP 	polygon: autoDraw = True
74.4779 	EXP 	polygon_2: autoDraw = True
74.6779 	EXP 	polygon: autoDraw = False
75.0479 	DATA 	Mouse: Left button down, pos=(652,376)
75.1816 	DATA 	Mouse:  Left button up, pos=(652,376)
76.7256 	DATA 	Keypress: space
76.7536 	EXP 	polygon: autoDraw = False
76.7536 	EXP 	polygon_2: autoDraw = False
77.7889 	EXP 	text: autoDraw = True
77.7889 	EXP 	textbox: autoDraw = True
80.2771 	DATA 	Keypress: pagedown
80.4940 	DATA 	Keypress: insert
80.6327 	DATA 	Keypress: insert
82.6597 	DATA 	Keypress: 3
82.9305 	DATA 	Keypress: 0
83.1108 	DATA 	Keypress: 0
84.3158 	DATA 	Mouse: Left button down, pos=(683,151)
84.3184 	EXP 	New trial (rep=0, index=1): {'delay': 0.1, 'freq': 1000, 'condition': 'exp'}
84.3261 	EXP 	text: autoDraw = False
84.3261 	EXP 	textbox: autoDraw = False
84.3261 	EXP 	polygon: autoDraw = True
84.4473 	DATA 	Mouse:  Left button up, pos=(683,151)
85.2799 	DATA 	Mouse: Left button down, pos=(683,312)
85.3250 	EXP 	polygon: autoDraw = False
85.3250 	EXP 	polygon_2: autoDraw = True
85.4131 	DATA 	Mouse:  Left button up, pos=(683,312)
87.5118 	DATA 	Keypress: space
87.5242 	EXP 	polygon: autoDraw = False
87.5242 	EXP 	polygon_2: autoDraw = False
87.9242 	EXP 	text: autoDraw = True
87.9242 	EXP 	textbox: autoDraw = True
90.9908 	DATA 	Keypress: 2
91.3259 	DATA 	Keypress: 0
92.1593 	DATA 	Keypress: backspace
92.6090 	DATA 	Keypress: backspace
93.3632 	DATA 	Keypress: 2
93.5408 	DATA 	Keypress: 0
93.7067 	DATA 	Keypress: 0
95.0835 	DATA 	Mouse: Left button down, pos=(679,166)
95.0936 	EXP 	New trial (rep=0, index=2): {'delay': 0.4, 'freq': 1000, 'condition': 'exp'}
95.1063 	EXP 	text: autoDraw = False
95.1063 	EXP 	textbox: autoDraw = False
95.1063 	EXP 	polygon: autoDraw = True
95.2098 	DATA 	Mouse:  Left button up, pos=(679,166)
96.1056 	EXP 	polygon: autoDraw = False
96.1056 	EXP 	polygon_2: autoDraw = True
97.0765 	DATA 	Keypress: space
97.0895 	EXP 	polygon: autoDraw = False
97.0895 	EXP 	polygon_2: autoDraw = False
97.8525 	EXP 	text: autoDraw = True
97.8525 	EXP 	textbox: autoDraw = True
100.6052 	DATA 	Keypress: 4
100.8053 	DATA 	Keypress: 0
100.9555 	DATA 	Keypress: 0
102.0134 	DATA 	Mouse: Left button down, pos=(672,184)
102.0245 	EXP 	New trial (rep=0, index=3): {'delay': 0.1, 'freq': 1000, 'condition': 'exp'}
102.0383 	EXP 	text: autoDraw = False
102.0383 	EXP 	textbox: autoDraw = False
102.0383 	EXP 	polygon: autoDraw = True
102.1238 	DATA 	Mouse:  Left button up, pos=(672,184)
103.0375 	EXP 	polygon: autoDraw = False
103.0375 	EXP 	polygon_2: autoDraw = True
103.2913 	DATA 	Keypress: space
103.3040 	EXP 	polygon: autoDraw = False
103.3040 	EXP 	polygon_2: autoDraw = False
103.7037 	EXP 	text: autoDraw = True
103.7037 	EXP 	textbox: autoDraw = True
107.0754 	DATA 	Keypress: 4
107.5580 	DATA 	Keypress: 0
107.7097 	DATA 	Keypress: 0
108.7938 	DATA 	Mouse: Left button down, pos=(673,180)
108.7961 	EXP 	New trial (rep=0, index=4): {'delay': 0.7, 'freq': 1000, 'condition': 'exp'}
108.8029 	EXP 	text: autoDraw = False
108.8029 	EXP 	textbox: autoDraw = False
108.8029 	EXP 	polygon: autoDraw = True
108.9238 	DATA 	Mouse:  Left button up, pos=(673,180)
109.8023 	EXP 	polygon: autoDraw = False
109.8023 	EXP 	polygon_2: autoDraw = True
110.0221 	DATA 	Keypress: space
110.0353 	EXP 	polygon: autoDraw = False
110.0353 	EXP 	polygon_2: autoDraw = False
111.0353 	EXP 	text: autoDraw = True
111.0353 	EXP 	textbox: autoDraw = True
113.5379 	DATA 	Keypress: 3
113.7027 	DATA 	Keypress: 0
113.8530 	DATA 	Keypress: 0
115.2065 	DATA 	Mouse: Left button down, pos=(673,158)
115.2094 	EXP 	New trial (rep=0, index=5): {'delay': 0.4, 'freq': 1000, 'condition': 'exp'}
115.2180 	EXP 	text: autoDraw = False
115.2180 	EXP 	textbox: autoDraw = False
115.2180 	EXP 	polygon: autoDraw = True
115.3225 	DATA 	Mouse:  Left button up, pos=(673,158)
116.2172 	EXP 	polygon: autoDraw = False
116.2172 	EXP 	polygon_2: autoDraw = True
117.2709 	DATA 	Keypress: space
117.2836 	EXP 	polygon: autoDraw = False
117.2836 	EXP 	polygon_2: autoDraw = False
117.9835 	EXP 	text: autoDraw = True
117.9835 	EXP 	textbox: autoDraw = True
118.6355 	DATA 	Keypress: 5
118.7908 	DATA 	Keypress: 0
118.9393 	DATA 	Keypress: 0
120.6376 	DATA 	Mouse: Left button down, pos=(686,162)
120.6399 	EXP 	New trial (rep=0, index=6): {'delay': 0.7, 'freq': 1000, 'condition': 'exp'}
120.6498 	EXP 	text: autoDraw = False
120.6498 	EXP 	textbox: autoDraw = False
120.6498 	EXP 	polygon: autoDraw = True
120.7536 	DATA 	Mouse:  Left button up, pos=(686,162)
121.6492 	EXP 	polygon: autoDraw = False
121.6492 	EXP 	polygon_2: autoDraw = True
123.2021 	DATA 	Keypress: space
123.2153 	EXP 	polygon: autoDraw = False
123.2153 	EXP 	polygon_2: autoDraw = False
124.2155 	EXP 	text: autoDraw = True
124.2155 	EXP 	textbox: autoDraw = True
125.4995 	DATA 	Keypress: 2
126.3530 	DATA 	Keypress: backspace
126.6696 	DATA 	Keypress: 3
126.9653 	DATA 	Keypress: 0
127.1160 	DATA 	Keypress: 0
128.5703 	DATA 	Mouse: Left button down, pos=(686,162)
128.5846 	EXP 	New trial (rep=0, index=7): {'delay': 0.4, 'freq': 1000, 'condition': 'exp'}
128.5978 	EXP 	text: autoDraw = False
128.5978 	EXP 	textbox: autoDraw = False
128.5978 	EXP 	polygon: autoDraw = True
128.7030 	DATA 	Mouse:  Left button up, pos=(686,162)
129.5972 	EXP 	polygon: autoDraw = False
129.5972 	EXP 	polygon_2: autoDraw = True
130.6844 	DATA 	Keypress: space
130.7135 	EXP 	polygon: autoDraw = False
130.7135 	EXP 	polygon_2: autoDraw = False
131.4137 	EXP 	text: autoDraw = True
131.4137 	EXP 	textbox: autoDraw = True
133.4149 	DATA 	Keypress: 3
133.6321 	DATA 	Keypress: 0
133.7852 	DATA 	Keypress: 0
135.2198 	DATA 	Mouse: Left button down, pos=(686,162)
135.2336 	EXP 	New trial (rep=0, index=8): {'delay': 0.4, 'freq': 400, 'condition': 'unexp'}
135.2461 	EXP 	text: autoDraw = False
135.2461 	EXP 	textbox: autoDraw = False
135.2461 	EXP 	polygon: autoDraw = True
135.3334 	DATA 	Mouse:  Left button up, pos=(686,162)
136.2454 	EXP 	polygon: autoDraw = False
136.2454 	EXP 	polygon_2: autoDraw = True
136.2661 	DATA 	Keypress: space
136.2788 	EXP 	polygon: autoDraw = False
136.2788 	EXP 	polygon_2: autoDraw = False
136.9622 	EXP 	text: autoDraw = True
136.9622 	EXP 	textbox: autoDraw = True
140.3690 	DATA 	Keypress: 3
140.5181 	DATA 	Keypress: 0
140.6636 	DATA 	Keypress: 0
141.7334 	DATA 	Mouse: Left button down, pos=(686,162)
141.7474 	EXP 	New trial (rep=0, index=9): {'delay': 0.1, 'freq': 1000, 'condition': 'exp'}
141.7612 	EXP 	text: autoDraw = False
141.7612 	EXP 	textbox: autoDraw = False
141.7612 	EXP 	polygon: autoDraw = True
141.8644 	DATA 	Mouse:  Left button up, pos=(686,162)
142.7606 	EXP 	polygon: autoDraw = False
142.7606 	EXP 	polygon_2: autoDraw = True
142.7647 	DATA 	Keypress: space
145.0303 	DATA 	Keypress: space
145.0433 	EXP 	polygon: autoDraw = False
145.0433 	EXP 	polygon_2: autoDraw = False
145.4435 	EXP 	text: autoDraw = True
145.4435 	EXP 	textbox: autoDraw = True
146.6769 	DATA 	Keypress: 2
146.7942 	DATA 	Keypress: 0
146.9435 	DATA 	Keypress: 0
148.2989 	DATA 	Mouse: Left button down, pos=(686,162)
148.3125 	EXP 	New trial (rep=0, index=10): {'delay': 0.1, 'freq': 400, 'condition': 'unexp'}
148.3257 	EXP 	text: autoDraw = False
148.3257 	EXP 	textbox: autoDraw = False
148.3257 	EXP 	polygon: autoDraw = True
148.4129 	DATA 	Mouse:  Left button up, pos=(686,162)
149.3254 	EXP 	polygon: autoDraw = False
149.3254 	EXP 	polygon_2: autoDraw = True
149.7958 	DATA 	Keypress: space
149.8088 	EXP 	polygon: autoDraw = False
149.8088 	EXP 	polygon_2: autoDraw = False
150.2088 	EXP 	text: autoDraw = True
150.2088 	EXP 	textbox: autoDraw = True
152.9799 	DATA 	Keypress: 3
153.3933 	DATA 	Keypress: 0
153.5751 	DATA 	Keypress: 0
154.2423 	DATA 	Keypress: backspace
154.3930 	DATA 	Keypress: backspace
154.5583 	DATA 	Keypress: backspace
155.2121 	DATA 	Keypress: 4
155.4320 	DATA 	Keypress: 0
155.5915 	DATA 	Keypress: 0
156.7125 	DATA 	Mouse: Left button down, pos=(686,162)
156.7281 	EXP 	New trial (rep=0, index=11): {'delay': 0.7, 'freq': 400, 'condition': 'unexp'}
156.7406 	EXP 	text: autoDraw = False
156.7406 	EXP 	textbox: autoDraw = False
156.7406 	EXP 	polygon: autoDraw = True
156.8442 	DATA 	Mouse:  Left button up, pos=(686,162)
157.2424 	DATA 	Keypress: space
157.7403 	EXP 	polygon: autoDraw = False
157.7403 	EXP 	polygon_2: autoDraw = True
158.6774 	DATA 	Keypress: space
158.7067 	EXP 	polygon: autoDraw = False
158.7067 	EXP 	polygon_2: autoDraw = False
159.7065 	EXP 	text: autoDraw = True
159.7065 	EXP 	textbox: autoDraw = True
161.5295 	DATA 	Keypress: 2
161.6748 	DATA 	Keypress: 0
161.8232 	DATA 	Keypress: 0
162.3125 	DATA 	Keypress: backspace
162.4731 	DATA 	Keypress: backspace
162.6063 	DATA 	Keypress: backspace
163.3726 	DATA 	Keypress: 3
163.5565 	DATA 	Keypress: 0
163.7105 	DATA 	Keypress: 0
166.0088 	DATA 	Mouse: Left button down, pos=(686,162)
166.0105 	EXP 	New trial (rep=1, index=0): {'delay': 0.1, 'freq': 1000, 'condition': 'exp'}
166.0219 	EXP 	text: autoDraw = False
166.0219 	EXP 	textbox: autoDraw = False
166.0219 	EXP 	polygon: autoDraw = True
166.1422 	DATA 	Mouse:  Left button up, pos=(686,162)
167.0212 	EXP 	polygon: autoDraw = False
167.0212 	EXP 	polygon_2: autoDraw = True
167.3418 	DATA 	Keypress: space
167.3548 	EXP 	polygon: autoDraw = False
167.3548 	EXP 	polygon_2: autoDraw = False
167.7544 	EXP 	text: autoDraw = True
167.7544 	EXP 	textbox: autoDraw = True
169.8884 	DATA 	Keypress: 1
170.0216 	DATA 	Keypress: 0
170.1723 	DATA 	Keypress: 0
171.1264 	DATA 	Mouse: Left button down, pos=(686,162)
171.1416 	EXP 	New trial (rep=1, index=1): {'delay': 0.1, 'freq': 1000, 'condition': 'exp'}
171.1536 	EXP 	text: autoDraw = False
171.1536 	EXP 	textbox: autoDraw = False
171.1536 	EXP 	polygon: autoDraw = True
171.2574 	DATA 	Mouse:  Left button up, pos=(686,162)
172.1534 	EXP 	polygon: autoDraw = False
172.1534 	EXP 	polygon_2: autoDraw = True
172.5930 	DATA 	Keypress: space
172.6033 	EXP 	polygon: autoDraw = False
172.6033 	EXP 	polygon_2: autoDraw = False
173.0038 	EXP 	text: autoDraw = True
173.0038 	EXP 	textbox: autoDraw = True
173.6051 	DATA 	Keypress: 1
173.8538 	DATA 	Keypress: 0
173.9766 	DATA 	Keypress: 0
175.4083 	DATA 	Mouse: Left button down, pos=(686,162)
175.4237 	EXP 	New trial (rep=1, index=2): {'delay': 0.4, 'freq': 400, 'condition': 'unexp'}
175.4361 	EXP 	text: autoDraw = False
175.4361 	EXP 	textbox: autoDraw = False
175.4361 	EXP 	polygon: autoDraw = True
175.5413 	DATA 	Mouse:  Left button up, pos=(686,162)
176.4358 	EXP 	polygon: autoDraw = False
176.4358 	EXP 	polygon_2: autoDraw = True
176.8057 	DATA 	Keypress: space
176.8189 	EXP 	polygon: autoDraw = False
176.8189 	EXP 	polygon_2: autoDraw = False
177.5186 	EXP 	text: autoDraw = True
177.5186 	EXP 	textbox: autoDraw = True
178.5027 	DATA 	Keypress: 2
178.6360 	DATA 	Keypress: 0
178.7895 	DATA 	Keypress: 0
180.1882 	DATA 	Mouse: Left button down, pos=(686,162)
180.1899 	EXP 	New trial (rep=1, index=3): {'delay': 0.4, 'freq': 1000, 'condition': 'exp'}
180.2013 	EXP 	text: autoDraw = False
180.2013 	EXP 	textbox: autoDraw = False
180.2013 	EXP 	polygon: autoDraw = True
180.3230 	DATA 	Mouse:  Left button up, pos=(686,162)
181.2012 	EXP 	polygon: autoDraw = False
181.2012 	EXP 	polygon_2: autoDraw = True
181.5387 	DATA 	Keypress: space
181.5678 	EXP 	polygon: autoDraw = False
181.5678 	EXP 	polygon_2: autoDraw = False
182.2676 	EXP 	text: autoDraw = True
182.2676 	EXP 	textbox: autoDraw = True
184.5028 	DATA 	Keypress: 2
184.7347 	DATA 	Keypress: 0
184.8887 	DATA 	Keypress: 0
186.2184 	DATA 	Mouse: Left button down, pos=(686,162)
186.2202 	EXP 	New trial (rep=1, index=4): {'delay': 0.7, 'freq': 1000, 'condition': 'exp'}
186.2338 	EXP 	text: autoDraw = False
186.2338 	EXP 	textbox: autoDraw = False
186.2338 	EXP 	polygon: autoDraw = True
186.3535 	DATA 	Mouse:  Left button up, pos=(686,162)
187.2330 	EXP 	polygon_2: autoDraw = True
187.2494 	EXP 	polygon: autoDraw = False
187.5540 	DATA 	Keypress: space
187.5657 	EXP 	polygon: autoDraw = False
187.5657 	EXP 	polygon_2: autoDraw = False
188.5660 	EXP 	text: autoDraw = True
188.5660 	EXP 	textbox: autoDraw = True
189.9713 	DATA 	Keypress: 3
190.2059 	DATA 	Keypress: 0
190.3545 	DATA 	Keypress: 0
191.7720 	DATA 	Mouse: Left button down, pos=(686,162)
191.7844 	EXP 	New trial (rep=1, index=5): {'delay': 0.4, 'freq': 1000, 'condition': 'exp'}
191.7986 	EXP 	text: autoDraw = False
191.7986 	EXP 	textbox: autoDraw = False
191.7986 	EXP 	polygon: autoDraw = True
191.9019 	DATA 	Mouse:  Left button up, pos=(686,162)
192.7984 	EXP 	polygon: autoDraw = False
192.7984 	EXP 	polygon_2: autoDraw = True
193.0699 	DATA 	Keypress: space
193.0813 	EXP 	polygon: autoDraw = False
193.0813 	EXP 	polygon_2: autoDraw = False
193.7812 	EXP 	text: autoDraw = True
193.7812 	EXP 	textbox: autoDraw = True
194.7359 	DATA 	Keypress: 2
194.9363 	DATA 	Keypress: 0
195.0818 	DATA 	Keypress: 0
196.4001 	DATA 	Mouse: Left button down, pos=(686,162)
196.4022 	EXP 	New trial (rep=1, index=6): {'delay': 0.4, 'freq': 1000, 'condition': 'exp'}
196.4146 	EXP 	text: autoDraw = False
196.4146 	EXP 	textbox: autoDraw = False
196.4146 	EXP 	polygon: autoDraw = True
196.5344 	DATA 	Mouse:  Left button up, pos=(686,162)
197.4136 	EXP 	polygon_2: autoDraw = True
197.4303 	EXP 	polygon: autoDraw = False
197.8000 	DATA 	Keypress: space
197.8132 	EXP 	polygon: autoDraw = False
197.8132 	EXP 	polygon_2: autoDraw = False
198.5135 	EXP 	text: autoDraw = True
198.5135 	EXP 	textbox: autoDraw = True
198.9523 	DATA 	Keypress: 3
199.2810 	DATA 	Keypress: 0
199.4191 	DATA 	Keypress: 0
200.9009 	DATA 	Mouse: Left button down, pos=(686,162)
200.9160 	EXP 	New trial (rep=1, index=7): {'delay': 0.1, 'freq': 400, 'condition': 'unexp'}
200.9299 	EXP 	text: autoDraw = False
200.9299 	EXP 	textbox: autoDraw = False
200.9299 	EXP 	polygon: autoDraw = True
201.0180 	DATA 	Mouse:  Left button up, pos=(686,162)
201.9293 	EXP 	polygon: autoDraw = False
201.9293 	EXP 	polygon_2: autoDraw = True
202.2991 	DATA 	Keypress: space
202.3122 	EXP 	polygon: autoDraw = False
202.3122 	EXP 	polygon_2: autoDraw = False
202.7122 	EXP 	text: autoDraw = True
202.7122 	EXP 	textbox: autoDraw = True
204.0803 	DATA 	Keypress: 2
204.5178 	DATA 	Keypress: 0
204.6672 	DATA 	Keypress: 0
205.9839 	DATA 	Mouse: Left button down, pos=(686,162)
205.9982 	EXP 	New trial (rep=1, index=8): {'delay': 0.7, 'freq': 1000, 'condition': 'exp'}
206.0117 	EXP 	text: autoDraw = False
206.0117 	EXP 	textbox: autoDraw = False
206.0117 	EXP 	polygon: autoDraw = True
206.1155 	DATA 	Mouse:  Left button up, pos=(686,162)
207.0113 	EXP 	polygon: autoDraw = False
207.0113 	EXP 	polygon_2: autoDraw = True
207.2156 	DATA 	Keypress: space
207.2276 	EXP 	polygon: autoDraw = False
207.2276 	EXP 	polygon_2: autoDraw = False
208.2275 	EXP 	text: autoDraw = True
208.2275 	EXP 	textbox: autoDraw = True
209.4114 	DATA 	Keypress: 3
209.5847 	DATA 	Keypress: 0
209.7157 	DATA 	Keypress: 0
211.1318 	DATA 	Mouse: Left button down, pos=(686,162)
211.1473 	EXP 	New trial (rep=1, index=9): {'delay': 0.1, 'freq': 1000, 'condition': 'exp'}
211.1605 	EXP 	text: autoDraw = False
211.1605 	EXP 	textbox: autoDraw = False
211.1605 	EXP 	polygon: autoDraw = True
211.2645 	DATA 	Mouse:  Left button up, pos=(686,162)
212.1601 	EXP 	polygon: autoDraw = False
212.1601 	EXP 	polygon_2: autoDraw = True
212.5799 	DATA 	Keypress: space
212.5932 	EXP 	polygon: autoDraw = False
212.5932 	EXP 	polygon_2: autoDraw = False
212.9938 	EXP 	text: autoDraw = True
212.9938 	EXP 	textbox: autoDraw = True
214.3162 	DATA 	Keypress: 2
214.4493 	DATA 	Keypress: 0
214.5810 	DATA 	Keypress: 0
216.0277 	DATA 	Mouse: Left button down, pos=(686,162)
216.0295 	EXP 	New trial (rep=1, index=10): {'delay': 0.7, 'freq': 400, 'condition': 'unexp'}
216.0426 	EXP 	text: autoDraw = False
216.0426 	EXP 	textbox: autoDraw = False
216.0426 	EXP 	polygon: autoDraw = True
216.1638 	DATA 	Mouse:  Left button up, pos=(686,162)
217.0421 	EXP 	polygon: autoDraw = False
217.0421 	EXP 	polygon_2: autoDraw = True
217.3801 	DATA 	Keypress: space
217.3919 	EXP 	polygon: autoDraw = False
217.3919 	EXP 	polygon_2: autoDraw = False
218.3916 	EXP 	text: autoDraw = True
218.3916 	EXP 	textbox: autoDraw = True
219.1110 	DATA 	Keypress: 4
219.3261 	DATA 	Keypress: 0
219.4597 	DATA 	Keypress: 0
220.8970 	DATA 	Mouse: Left button down, pos=(686,162)
220.9114 	EXP 	New trial (rep=1, index=11): {'delay': 0.7, 'freq': 1000, 'condition': 'exp'}
220.9247 	EXP 	text: autoDraw = False
220.9247 	EXP 	textbox: autoDraw = False
220.9247 	EXP 	polygon: autoDraw = True
221.0279 	DATA 	Mouse:  Left button up, pos=(686,162)
221.9243 	EXP 	polygon: autoDraw = False
221.9243 	EXP 	polygon_2: autoDraw = True
222.2614 	DATA 	Keypress: space
222.2748 	EXP 	polygon: autoDraw = False
222.2748 	EXP 	polygon_2: autoDraw = False
223.2736 	EXP 	text: autoDraw = True
223.2736 	EXP 	textbox: autoDraw = True
223.9417 	DATA 	Keypress: 4
224.2239 	DATA 	Keypress: 0
224.3616 	DATA 	Keypress: 0
225.6775 	DATA 	Mouse: Left button down, pos=(686,162)
225.6791 	EXP 	New trial (rep=2, index=0): {'delay': 0.7, 'freq': 1000, 'condition': 'exp'}
225.6903 	EXP 	text: autoDraw = False
225.6903 	EXP 	textbox: autoDraw = False
225.6903 	EXP 	polygon: autoDraw = True
225.8107 	DATA 	Mouse:  Left button up, pos=(686,162)
226.5425 	DATA 	Keypress: space
226.6898 	EXP 	polygon: autoDraw = False
226.6898 	EXP 	polygon_2: autoDraw = True
227.1938 	DATA 	Keypress: space
227.2061 	EXP 	polygon: autoDraw = False
227.2061 	EXP 	polygon_2: autoDraw = False
228.2058 	EXP 	text: autoDraw = True
228.2058 	EXP 	textbox: autoDraw = True
228.7402 	DATA 	Keypress: 4
229.0897 	DATA 	Keypress: 0
229.2234 	DATA 	Keypress: 0
230.5426 	DATA 	Mouse: Left button down, pos=(686,162)
230.5445 	EXP 	New trial (rep=2, index=1): {'delay': 0.4, 'freq': 1000, 'condition': 'exp'}
230.5559 	EXP 	text: autoDraw = False
230.5559 	EXP 	textbox: autoDraw = False
230.5559 	EXP 	polygon: autoDraw = True
230.6763 	DATA 	Mouse:  Left button up, pos=(686,162)
231.5551 	EXP 	polygon: autoDraw = False
231.5551 	EXP 	polygon_2: autoDraw = True
231.8587 	DATA 	Keypress: space
231.8715 	EXP 	polygon: autoDraw = False
231.8715 	EXP 	polygon_2: autoDraw = False
232.5719 	EXP 	text: autoDraw = True
232.5719 	EXP 	textbox: autoDraw = True
233.9600 	DATA 	Keypress: 3
236.0402 	DATA 	Keypress: 1
236.2603 	DATA 	Keypress: 0
237.6266 	DATA 	Mouse: Left button down, pos=(686,162)
237.6403 	EXP 	New trial (rep=2, index=2): {'delay': 0.7, 'freq': 1000, 'condition': 'exp'}
237.6538 	EXP 	text: autoDraw = False
237.6538 	EXP 	textbox: autoDraw = False
237.6538 	EXP 	polygon: autoDraw = True
237.7575 	DATA 	Mouse:  Left button up, pos=(686,162)
238.6536 	EXP 	polygon: autoDraw = False
238.6536 	EXP 	polygon_2: autoDraw = True
238.9239 	DATA 	Keypress: space
238.9362 	EXP 	polygon: autoDraw = False
238.9362 	EXP 	polygon_2: autoDraw = False
239.9362 	EXP 	text: autoDraw = True
239.9362 	EXP 	textbox: autoDraw = True
240.6054 	DATA 	Keypress: 5
240.9205 	DATA 	Keypress: 0
241.0536 	DATA 	Keypress: 0
242.4413 	DATA 	Mouse: Left button down, pos=(686,162)
242.4562 	EXP 	New trial (rep=2, index=3): {'delay': 0.4, 'freq': 1000, 'condition': 'exp'}
242.4693 	EXP 	text: autoDraw = False
242.4693 	EXP 	textbox: autoDraw = False
242.4693 	EXP 	polygon: autoDraw = True
242.5727 	DATA 	Mouse:  Left button up, pos=(686,162)
243.4692 	EXP 	polygon: autoDraw = False
243.4692 	EXP 	polygon_2: autoDraw = True
243.8720 	DATA 	Keypress: space
243.8852 	EXP 	polygon: autoDraw = False
243.8852 	EXP 	polygon_2: autoDraw = False
244.5850 	EXP 	text: autoDraw = True
244.5850 	EXP 	textbox: autoDraw = True
245.7361 	DATA 	Keypress: 3
246.0571 	DATA 	Keypress: 0
246.1901 	DATA 	Keypress: 0
247.4908 	DATA 	Mouse: Left button down, pos=(675,180)
247.5051 	EXP 	New trial (rep=2, index=4): {'delay': 0.7, 'freq': 400, 'condition': 'unexp'}
247.5182 	EXP 	text: autoDraw = False
247.5182 	EXP 	textbox: autoDraw = False
247.5182 	EXP 	polygon: autoDraw = True
247.6219 	DATA 	Mouse:  Left button up, pos=(675,180)
248.5179 	EXP 	polygon: autoDraw = False
248.5179 	EXP 	polygon_2: autoDraw = True
248.8038 	DATA 	Keypress: space
248.8174 	EXP 	polygon: autoDraw = False
248.8174 	EXP 	polygon_2: autoDraw = False
249.8174 	EXP 	text: autoDraw = True
249.8174 	EXP 	textbox: autoDraw = True
251.0694 	DATA 	Keypress: 6
251.2722 	DATA 	Keypress: 0
251.4054 	DATA 	Keypress: 0
252.5409 	DATA 	Mouse: Left button down, pos=(675,163)
252.5539 	EXP 	New trial (rep=2, index=5): {'delay': 0.1, 'freq': 1000, 'condition': 'exp'}
252.5665 	EXP 	text: autoDraw = False
252.5665 	EXP 	textbox: autoDraw = False
252.5665 	EXP 	polygon: autoDraw = True
252.6697 	DATA 	Mouse:  Left button up, pos=(675,163)
253.5661 	EXP 	polygon: autoDraw = False
253.5661 	EXP 	polygon_2: autoDraw = True
253.8530 	DATA 	Keypress: space
253.8666 	EXP 	polygon: autoDraw = False
253.8666 	EXP 	polygon_2: autoDraw = False
254.2659 	EXP 	text: autoDraw = True
254.2659 	EXP 	textbox: autoDraw = True
255.2829 	DATA 	Keypress: 1
255.5222 	DATA 	Keypress: 0
255.6547 	DATA 	Keypress: 0
256.9886 	DATA 	Mouse: Left button down, pos=(675,163)
257.0023 	EXP 	New trial (rep=2, index=6): {'delay': 0.1, 'freq': 400, 'condition': 'unexp'}
257.0156 	EXP 	text: autoDraw = False
257.0156 	EXP 	textbox: autoDraw = False
257.0156 	EXP 	polygon: autoDraw = True
257.1205 	DATA 	Mouse:  Left button up, pos=(675,163)
258.0157 	EXP 	polygon: autoDraw = False
258.0157 	EXP 	polygon_2: autoDraw = True
258.3179 	DATA 	Keypress: space
258.3315 	EXP 	polygon: autoDraw = False
258.3315 	EXP 	polygon_2: autoDraw = False
258.7319 	EXP 	text: autoDraw = True
258.7319 	EXP 	textbox: autoDraw = True
259.5698 	DATA 	Keypress: 2
259.7999 	DATA 	Keypress: 0
259.9319 	DATA 	Keypress: 0
261.2041 	DATA 	Mouse: Left button down, pos=(675,163)
261.2182 	EXP 	New trial (rep=2, index=7): {'delay': 0.4, 'freq': 400, 'condition': 'unexp'}
261.2311 	EXP 	text: autoDraw = False
261.2311 	EXP 	textbox: autoDraw = False
261.2311 	EXP 	polygon: autoDraw = True
261.3190 	DATA 	Mouse:  Left button up, pos=(675,163)
262.2307 	EXP 	polygon: autoDraw = False
262.2307 	EXP 	polygon_2: autoDraw = True
262.5508 	DATA 	Keypress: space
262.5638 	EXP 	polygon: autoDraw = False
262.5638 	EXP 	polygon_2: autoDraw = False
263.2639 	EXP 	text: autoDraw = True
263.2639 	EXP 	textbox: autoDraw = True
263.8481 	DATA 	Keypress: 3
264.2150 	DATA 	Keypress: minus
264.9807 	DATA 	Keypress: backspace
265.4808 	DATA 	Keypress: 0
265.6150 	DATA 	Keypress: 0
266.9366 	DATA 	Mouse: Left button down, pos=(675,163)
266.9496 	EXP 	New trial (rep=2, index=8): {'delay': 0.7, 'freq': 1000, 'condition': 'exp'}
266.9633 	EXP 	text: autoDraw = False
266.9633 	EXP 	textbox: autoDraw = False
266.9633 	EXP 	polygon: autoDraw = True
267.0511 	DATA 	Mouse:  Left button up, pos=(675,163)
267.9626 	EXP 	polygon: autoDraw = False
267.9626 	EXP 	polygon_2: autoDraw = True
268.2993 	DATA 	Keypress: space
268.3123 	EXP 	polygon: autoDraw = False
268.3123 	EXP 	polygon_2: autoDraw = False
269.3127 	EXP 	text: autoDraw = True
269.3127 	EXP 	textbox: autoDraw = True
269.9503 	DATA 	Keypress: 1
270.1961 	DATA 	Keypress: 0
270.3178 	DATA 	Keypress: 0
272.1021 	DATA 	Keypress: backspace
272.2511 	DATA 	Keypress: backspace
272.3969 	DATA 	Keypress: backspace
273.0465 	DATA 	Keypress: 2
273.1861 	DATA 	Keypress: 0
273.3178 	DATA 	Keypress: 0
274.5676 	DATA 	Mouse: Left button down, pos=(675,163)
274.5809 	EXP 	New trial (rep=2, index=9): {'delay': 0.4, 'freq': 1000, 'condition': 'exp'}
274.5945 	EXP 	text: autoDraw = False
274.5945 	EXP 	textbox: autoDraw = False
274.5945 	EXP 	polygon: autoDraw = True
274.6995 	DATA 	Mouse:  Left button up, pos=(675,163)
275.5943 	EXP 	polygon: autoDraw = False
275.5943 	EXP 	polygon_2: autoDraw = True
275.8986 	DATA 	Keypress: space
275.9103 	EXP 	polygon: autoDraw = False
275.9103 	EXP 	polygon_2: autoDraw = False
276.6140 	EXP 	text: autoDraw = True
276.6140 	EXP 	textbox: autoDraw = True
277.5785 	DATA 	Keypress: 1
277.7962 	DATA 	Keypress: 0
277.9294 	DATA 	Keypress: 0
278.2775 	DATA 	Keypress: return
279.9174 	DATA 	Mouse: Left button down, pos=(675,139)
279.9192 	EXP 	New trial (rep=2, index=10): {'delay': 0.1, 'freq': 1000, 'condition': 'exp'}
279.9270 	EXP 	text: autoDraw = False
279.9270 	EXP 	textbox: autoDraw = False
279.9270 	EXP 	polygon: autoDraw = True
280.0480 	DATA 	Mouse:  Left button up, pos=(675,139)
280.9266 	EXP 	polygon: autoDraw = False
280.9266 	EXP 	polygon_2: autoDraw = True
281.6138 	DATA 	Keypress: space
281.6258 	EXP 	polygon: autoDraw = False
281.6258 	EXP 	polygon_2: autoDraw = False
282.0257 	EXP 	text: autoDraw = True
282.0257 	EXP 	textbox: autoDraw = True
282.8263 	DATA 	Keypress: 1
283.0778 	DATA 	Keypress: 0
283.2115 	DATA 	Keypress: 0
284.3836 	DATA 	Mouse: Left button down, pos=(692,162)
284.3857 	EXP 	New trial (rep=2, index=11): {'delay': 0.1, 'freq': 1000, 'condition': 'exp'}
284.3921 	EXP 	text: autoDraw = False
284.3921 	EXP 	textbox: autoDraw = False
284.3921 	EXP 	polygon: autoDraw = True
284.4949 	DATA 	Mouse:  Left button up, pos=(692,162)
285.3914 	EXP 	polygon: autoDraw = False
285.3914 	EXP 	polygon_2: autoDraw = True
285.6781 	DATA 	Keypress: space
285.7082 	EXP 	polygon: autoDraw = False
285.7082 	EXP 	polygon_2: autoDraw = False
286.1079 	EXP 	text: autoDraw = True
286.1079 	EXP 	textbox: autoDraw = True
286.7087 	DATA 	Keypress: 1
286.9428 	DATA 	Keypress: 0
287.0769 	DATA 	Keypress: 0
288.0127 	DATA 	Mouse: Left button down, pos=(692,162)
288.0278 	EXP 	New trial (rep=3, index=0): {'delay': 0.7, 'freq': 1000, 'condition': 'exp'}
288.0411 	EXP 	text: autoDraw = False
288.0411 	EXP 	textbox: autoDraw = False
288.0411 	EXP 	polygon: autoDraw = True
288.1443 	DATA 	Mouse:  Left button up, pos=(692,162)
289.0405 	EXP 	polygon: autoDraw = False
289.0405 	EXP 	polygon_2: autoDraw = True
289.4274 	DATA 	Keypress: space
289.4410 	EXP 	polygon: autoDraw = False
289.4410 	EXP 	polygon_2: autoDraw = False
290.4405 	EXP 	text: autoDraw = True
290.4405 	EXP 	textbox: autoDraw = True
292.8075 	DATA 	Keypress: 2
292.9739 	DATA 	Keypress: 5
293.3112 	DATA 	Keypress: 0
294.5264 	DATA 	Mouse: Left button down, pos=(688,144)
294.5281 	EXP 	New trial (rep=3, index=1): {'delay': 0.1, 'freq': 1000, 'condition': 'exp'}
294.5396 	EXP 	text: autoDraw = False
294.5396 	EXP 	textbox: autoDraw = False
294.5396 	EXP 	polygon: autoDraw = True
294.6600 	DATA 	Mouse:  Left button up, pos=(688,144)
295.5390 	EXP 	polygon: autoDraw = False
295.5390 	EXP 	polygon_2: autoDraw = True
295.8414 	DATA 	Keypress: space
295.8723 	EXP 	polygon: autoDraw = False
295.8723 	EXP 	polygon_2: autoDraw = False
296.2722 	EXP 	text: autoDraw = True
296.2722 	EXP 	textbox: autoDraw = True
297.5788 	DATA 	Keypress: 2
297.7117 	DATA 	Keypress: 5
298.0069 	DATA 	Keypress: 0
299.2936 	DATA 	Mouse: Left button down, pos=(688,144)
299.3078 	EXP 	New trial (rep=3, index=2): {'delay': 0.7, 'freq': 1000, 'condition': 'exp'}
299.3213 	EXP 	text: autoDraw = False
299.3213 	EXP 	textbox: autoDraw = False
299.3213 	EXP 	polygon: autoDraw = True
299.4080 	DATA 	Mouse:  Left button up, pos=(688,144)
300.3213 	EXP 	polygon: autoDraw = False
300.3213 	EXP 	polygon_2: autoDraw = True
300.3243 	DATA 	Keypress: space
300.8912 	DATA 	Keypress: space
300.9041 	EXP 	polygon: autoDraw = False
300.9041 	EXP 	polygon_2: autoDraw = False
301.9040 	EXP 	text: autoDraw = True
301.9040 	EXP 	textbox: autoDraw = True
303.7562 	DATA 	Keypress: 3
304.2380 	DATA 	Keypress: 5
304.4707 	DATA 	Keypress: 0
305.7097 	DATA 	Mouse: Left button down, pos=(688,144)
305.7234 	EXP 	New trial (rep=3, index=3): {'delay': 0.4, 'freq': 400, 'condition': 'unexp'}
305.7363 	EXP 	text: autoDraw = False
305.7363 	EXP 	textbox: autoDraw = False
305.7363 	EXP 	polygon: autoDraw = True
305.8407 	DATA 	Mouse:  Left button up, pos=(688,144)
306.7361 	EXP 	polygon: autoDraw = False
306.7361 	EXP 	polygon_2: autoDraw = True
307.0233 	DATA 	Keypress: space
307.0363 	EXP 	polygon: autoDraw = False
307.0363 	EXP 	polygon_2: autoDraw = False
307.7360 	EXP 	text: autoDraw = True
307.7360 	EXP 	textbox: autoDraw = True
309.0697 	DATA 	Keypress: 4
309.1919 	DATA 	Keypress: 0
309.3528 	DATA 	Keypress: 0
310.6079 	DATA 	Mouse: Left button down, pos=(688,144)
310.6224 	EXP 	New trial (rep=3, index=4): {'delay': 0.1, 'freq': 1000, 'condition': 'exp'}
310.6355 	EXP 	text: autoDraw = False
310.6355 	EXP 	textbox: autoDraw = False
310.6355 	EXP 	polygon: autoDraw = True
310.7389 	DATA 	Mouse:  Left button up, pos=(688,144)
311.6350 	EXP 	polygon: autoDraw = False
311.6350 	EXP 	polygon_2: autoDraw = True
311.9892 	DATA 	Keypress: space
312.0014 	EXP 	polygon: autoDraw = False
312.0014 	EXP 	polygon_2: autoDraw = False
312.4018 	EXP 	text: autoDraw = True
312.4018 	EXP 	textbox: autoDraw = True
314.8204 	DATA 	Keypress: 5
314.9516 	DATA 	Keypress: 0
316.1373 	DATA 	Mouse: Left button down, pos=(688,144)
316.1389 	EXP 	New trial (rep=3, index=5): {'delay': 0.7, 'freq': 400, 'condition': 'unexp'}
316.1515 	EXP 	text: autoDraw = False
316.1515 	EXP 	textbox: autoDraw = False
316.1515 	EXP 	polygon: autoDraw = True
316.2705 	DATA 	Mouse:  Left button up, pos=(688,144)
317.1502 	EXP 	polygon_2: autoDraw = True
317.1668 	EXP 	polygon: autoDraw = False
318.2711 	DATA 	Keypress: space
318.2830 	EXP 	polygon: autoDraw = False
318.2830 	EXP 	polygon_2: autoDraw = False
319.2833 	EXP 	text: autoDraw = True
319.2833 	EXP 	textbox: autoDraw = True
320.3549 	DATA 	Keypress: 1
320.6173 	DATA 	Keypress: 0
320.7508 	DATA 	Keypress: 0
322.4569 	DATA 	Mouse: Left button down, pos=(679,165)
322.4688 	EXP 	New trial (rep=3, index=6): {'delay': 0.1, 'freq': 1000, 'condition': 'exp'}
322.4827 	EXP 	text: autoDraw = False
322.4827 	EXP 	textbox: autoDraw = False
322.4827 	EXP 	polygon: autoDraw = True
322.5701 	DATA 	Mouse:  Left button up, pos=(679,165)
323.4822 	EXP 	polygon: autoDraw = False
323.4822 	EXP 	polygon_2: autoDraw = True
324.6017 	DATA 	Keypress: space
324.6318 	EXP 	polygon: autoDraw = False
324.6318 	EXP 	polygon_2: autoDraw = False
325.0315 	EXP 	text: autoDraw = True
325.0315 	EXP 	textbox: autoDraw = True
325.8698 	DATA 	Keypress: 1
326.0836 	DATA 	Keypress: 1
328.2075 	DATA 	Mouse: Left button down, pos=(679,148)
328.2095 	EXP 	New trial (rep=3, index=7): {'delay': 0.7, 'freq': 1000, 'condition': 'exp'}
328.2147 	EXP 	text: autoDraw = False
328.2147 	EXP 	textbox: autoDraw = False
328.2147 	EXP 	polygon: autoDraw = True
328.3341 	DATA 	Mouse:  Left button up, pos=(679,148)
329.2139 	EXP 	polygon: autoDraw = False
329.2139 	EXP 	polygon_2: autoDraw = True
329.7179 	DATA 	Keypress: space
329.7302 	EXP 	polygon: autoDraw = False
329.7302 	EXP 	polygon_2: autoDraw = False
330.7302 	EXP 	text: autoDraw = True
330.7302 	EXP 	textbox: autoDraw = True
332.4511 	DATA 	Keypress: 3
332.7144 	DATA 	Keypress: 5
333.9801 	DATA 	Keypress: 0
335.0322 	DATA 	Mouse: Left button down, pos=(679,148)
335.0338 	EXP 	New trial (rep=3, index=8): {'delay': 0.4, 'freq': 1000, 'condition': 'exp'}
335.0469 	EXP 	text: autoDraw = False
335.0469 	EXP 	textbox: autoDraw = False
335.0469 	EXP 	polygon: autoDraw = True
335.1664 	DATA 	Mouse:  Left button up, pos=(679,148)
336.0456 	EXP 	polygon_2: autoDraw = True
336.0622 	EXP 	polygon: autoDraw = False
336.3158 	DATA 	Keypress: space
336.3286 	EXP 	polygon: autoDraw = False
336.3286 	EXP 	polygon_2: autoDraw = False
337.0286 	EXP 	text: autoDraw = True
337.0286 	EXP 	textbox: autoDraw = True
337.9957 	DATA 	Keypress: 1
339.1682 	DATA 	Keypress: 1
339.9953 	DATA 	Keypress: 0
341.4335 	DATA 	Mouse: Left button down, pos=(679,148)
341.4477 	EXP 	New trial (rep=3, index=9): {'delay': 0.4, 'freq': 1000, 'condition': 'exp'}
341.4607 	EXP 	text: autoDraw = False
341.4607 	EXP 	textbox: autoDraw = False
341.4607 	EXP 	polygon: autoDraw = True
341.5654 	DATA 	Mouse:  Left button up, pos=(679,148)
342.4608 	EXP 	polygon: autoDraw = False
342.4608 	EXP 	polygon_2: autoDraw = True
342.7647 	DATA 	Keypress: space
342.7770 	EXP 	polygon: autoDraw = False
342.7770 	EXP 	polygon_2: autoDraw = False
343.4768 	EXP 	text: autoDraw = True
343.4768 	EXP 	textbox: autoDraw = True
344.3497 	DATA 	Keypress: 2
344.5950 	DATA 	Keypress: 0
344.7438 	DATA 	Keypress: 0
345.9954 	DATA 	Mouse: Left button down, pos=(679,148)
345.9975 	EXP 	New trial (rep=3, index=10): {'delay': 0.1, 'freq': 400, 'condition': 'unexp'}
346.0099 	EXP 	text: autoDraw = False
346.0099 	EXP 	textbox: autoDraw = False
346.0099 	EXP 	polygon: autoDraw = True
346.1311 	DATA 	Mouse:  Left button up, pos=(679,148)
347.0095 	EXP 	polygon: autoDraw = False
347.0095 	EXP 	polygon_2: autoDraw = True
347.3636 	DATA 	Keypress: space
347.3765 	EXP 	polygon: autoDraw = False
347.3765 	EXP 	polygon_2: autoDraw = False
347.7759 	EXP 	text: autoDraw = True
347.7759 	EXP 	textbox: autoDraw = True
348.8272 	DATA 	Keypress: 1
349.2266 	DATA 	Keypress: 0
349.3642 	DATA 	Keypress: 0
350.6989 	DATA 	Mouse: Left button down, pos=(679,148)
350.7115 	EXP 	New trial (rep=3, index=11): {'delay': 0.4, 'freq': 1000, 'condition': 'exp'}
350.7250 	EXP 	text: autoDraw = False
350.7250 	EXP 	textbox: autoDraw = False
350.7250 	EXP 	polygon: autoDraw = True
350.8299 	DATA 	Mouse:  Left button up, pos=(679,148)
351.7249 	EXP 	polygon: autoDraw = False
351.7249 	EXP 	polygon_2: autoDraw = True
351.7282 	DATA 	Keypress: space
352.2618 	DATA 	Keypress: space
352.2747 	EXP 	polygon: autoDraw = False
352.2747 	EXP 	polygon_2: autoDraw = False
352.9747 	EXP 	text: autoDraw = True
352.9747 	EXP 	textbox: autoDraw = True
353.2648 	DATA 	Keypress: 1
353.5473 	DATA 	Keypress: 1
354.5417 	DATA 	Keypress: backspace
354.9765 	DATA 	Keypress: 0
355.1258 	DATA 	Keypress: 0
356.2622 	DATA 	Mouse: Left button down, pos=(679,148)
356.2776 	EXP 	New trial (rep=4, index=0): {'delay': 0.4, 'freq': 400, 'condition': 'unexp'}
356.2909 	EXP 	text: autoDraw = False
356.2909 	EXP 	textbox: autoDraw = False
356.2909 	EXP 	polygon: autoDraw = True
356.3942 	DATA 	Mouse:  Left button up, pos=(679,148)
357.1928 	DATA 	Keypress: space
357.2903 	EXP 	polygon: autoDraw = False
357.2903 	EXP 	polygon_2: autoDraw = True
357.9443 	DATA 	Keypress: space
357.9565 	EXP 	polygon: autoDraw = False
357.9565 	EXP 	polygon_2: autoDraw = False
358.6570 	EXP 	text: autoDraw = True
358.6570 	EXP 	textbox: autoDraw = True
360.1415 	DATA 	Keypress: 1
360.6072 	DATA 	Keypress: 5
360.9075 	DATA 	Keypress: 0
362.2432 	DATA 	Mouse: Left button down, pos=(679,148)
362.2452 	EXP 	New trial (rep=4, index=1): {'delay': 0.1, 'freq': 1000, 'condition': 'exp'}
362.2560 	EXP 	text: autoDraw = False
362.2560 	EXP 	textbox: autoDraw = False
362.2560 	EXP 	polygon: autoDraw = True
362.3773 	DATA 	Mouse:  Left button up, pos=(679,148)
363.2554 	EXP 	polygon: autoDraw = False
363.2554 	EXP 	polygon_2: autoDraw = True
363.5270 	DATA 	Keypress: space
363.5384 	EXP 	polygon: autoDraw = False
363.5384 	EXP 	polygon_2: autoDraw = False
363.9387 	EXP 	text: autoDraw = True
363.9387 	EXP 	textbox: autoDraw = True
364.8563 	DATA 	Keypress: 1
365.7885 	DATA 	Keypress: 0
365.9231 	DATA 	Keypress: 0
367.2783 	DATA 	Mouse: Left button down, pos=(679,148)
367.2912 	EXP 	New trial (rep=4, index=2): {'delay': 0.7, 'freq': 1000, 'condition': 'exp'}
367.3043 	EXP 	text: autoDraw = False
367.3043 	EXP 	textbox: autoDraw = False
367.3043 	EXP 	polygon: autoDraw = True
367.4084 	DATA 	Mouse:  Left button up, pos=(679,148)
368.3040 	EXP 	polygon: autoDraw = False
368.3040 	EXP 	polygon_2: autoDraw = True
369.6409 	DATA 	Keypress: space
369.6537 	EXP 	polygon: autoDraw = False
369.6537 	EXP 	polygon_2: autoDraw = False
370.6539 	EXP 	text: autoDraw = True
370.6539 	EXP 	textbox: autoDraw = True
371.3209 	DATA 	Keypress: 1
371.5536 	DATA 	Keypress: 0
371.7048 	DATA 	Keypress: 0
372.9229 	DATA 	Mouse: Left button down, pos=(679,148)
372.9254 	EXP 	New trial (rep=4, index=3): {'delay': 0.7, 'freq': 1000, 'condition': 'exp'}
372.9371 	EXP 	text: autoDraw = False
372.9371 	EXP 	textbox: autoDraw = False
372.9371 	EXP 	polygon: autoDraw = True
373.0566 	DATA 	Mouse:  Left button up, pos=(679,148)
373.9361 	EXP 	polygon: autoDraw = False
373.9361 	EXP 	polygon_2: autoDraw = True
374.3243 	DATA 	Keypress: space
374.3367 	EXP 	polygon: autoDraw = False
374.3367 	EXP 	polygon_2: autoDraw = False
375.3361 	EXP 	text: autoDraw = True
375.3361 	EXP 	textbox: autoDraw = True
376.4700 	DATA 	Keypress: 1
377.1426 	DATA 	Keypress: 5
377.4868 	DATA 	Keypress: 0
378.7587 	DATA 	Mouse: Left button down, pos=(674,156)
378.7713 	EXP 	New trial (rep=4, index=4): {'delay': 0.1, 'freq': 400, 'condition': 'unexp'}
378.7847 	EXP 	text: autoDraw = False
378.7847 	EXP 	textbox: autoDraw = False
378.7847 	EXP 	polygon: autoDraw = True
378.8899 	DATA 	Mouse:  Left button up, pos=(674,156)
379.7845 	EXP 	polygon: autoDraw = False
379.7845 	EXP 	polygon_2: autoDraw = True
380.1050 	DATA 	Keypress: space
380.1175 	EXP 	polygon: autoDraw = False
380.1175 	EXP 	polygon_2: autoDraw = False
380.5175 	EXP 	text: autoDraw = True
380.5175 	EXP 	textbox: autoDraw = True
382.8848 	DATA 	Keypress: 5
383.2860 	DATA 	Keypress: 0
384.7206 	DATA 	Mouse: Left button down, pos=(674,156)
384.7231 	EXP 	New trial (rep=4, index=5): {'delay': 0.1, 'freq': 1000, 'condition': 'exp'}
384.7336 	EXP 	text: autoDraw = False
384.7336 	EXP 	textbox: autoDraw = False
384.7336 	EXP 	polygon: autoDraw = True
384.8373 	DATA 	Mouse:  Left button up, pos=(674,156)
385.7331 	EXP 	polygon: autoDraw = False
385.7331 	EXP 	polygon_2: autoDraw = True
386.0036 	DATA 	Keypress: space
386.0162 	EXP 	polygon: autoDraw = False
386.0162 	EXP 	polygon_2: autoDraw = False
386.4161 	EXP 	text: autoDraw = True
386.4161 	EXP 	textbox: autoDraw = True
390.0013 	DATA 	Keypress: 7
390.0661 	DATA 	Keypress: 5
391.4162 	DATA 	Mouse: Left button down, pos=(674,156)
391.4187 	EXP 	New trial (rep=4, index=6): {'delay': 0.4, 'freq': 1000, 'condition': 'exp'}
391.4317 	EXP 	text: autoDraw = False
391.4317 	EXP 	textbox: autoDraw = False
391.4317 	EXP 	polygon: autoDraw = True
391.5363 	DATA 	Mouse:  Left button up, pos=(674,156)
392.4317 	EXP 	polygon: autoDraw = False
392.4317 	EXP 	polygon_2: autoDraw = True
392.4524 	DATA 	Keypress: space
392.4647 	EXP 	polygon: autoDraw = False
392.4647 	EXP 	polygon_2: autoDraw = False
393.1649 	EXP 	text: autoDraw = True
393.1649 	EXP 	textbox: autoDraw = True
394.6990 	DATA 	Keypress: 1
394.8660 	DATA 	Keypress: 0
394.9978 	DATA 	Keypress: 0
396.2698 	DATA 	Mouse: Left button down, pos=(674,156)
396.2840 	EXP 	New trial (rep=4, index=7): {'delay': 0.4, 'freq': 1000, 'condition': 'exp'}
396.2975 	EXP 	text: autoDraw = False
396.2975 	EXP 	textbox: autoDraw = False
396.2975 	EXP 	polygon: autoDraw = True
396.4017 	DATA 	Mouse:  Left button up, pos=(674,156)
397.2970 	EXP 	polygon: autoDraw = False
397.2970 	EXP 	polygon_2: autoDraw = True
397.6174 	DATA 	Keypress: space
397.6300 	EXP 	polygon: autoDraw = False
397.6300 	EXP 	polygon_2: autoDraw = False
398.3305 	EXP 	text: autoDraw = True
398.3305 	EXP 	textbox: autoDraw = True
399.7682 	DATA 	Keypress: 1
399.9803 	DATA 	Keypress: 0
401.2341 	DATA 	Mouse: Left button down, pos=(667,135)
401.2360 	EXP 	New trial (rep=4, index=8): {'delay': 0.1, 'freq': 1000, 'condition': 'exp'}
401.2462 	EXP 	text: autoDraw = False
401.2462 	EXP 	textbox: autoDraw = False
401.2462 	EXP 	polygon: autoDraw = True
401.3658 	DATA 	Mouse:  Left button up, pos=(667,135)
402.2458 	EXP 	polygon: autoDraw = False
402.2458 	EXP 	polygon_2: autoDraw = True
402.5995 	DATA 	Keypress: space
402.6287 	EXP 	polygon: autoDraw = False
402.6287 	EXP 	polygon_2: autoDraw = False
403.0287 	EXP 	text: autoDraw = True
403.0287 	EXP 	textbox: autoDraw = True
403.8311 	DATA 	Keypress: 1
403.9838 	DATA 	Keypress: 0
404.9294 	DATA 	Mouse: Left button down, pos=(667,135)
404.9316 	EXP 	New trial (rep=4, index=9): {'delay': 0.7, 'freq': 1000, 'condition': 'exp'}
404.9452 	EXP 	text: autoDraw = False
404.9452 	EXP 	textbox: autoDraw = False
404.9452 	EXP 	polygon: autoDraw = True
405.0659 	DATA 	Mouse:  Left button up, pos=(667,135)
405.9448 	EXP 	polygon: autoDraw = False
405.9448 	EXP 	polygon_2: autoDraw = True
406.8314 	DATA 	Keypress: space
406.8443 	EXP 	polygon: autoDraw = False
406.8443 	EXP 	polygon_2: autoDraw = False
407.8443 	EXP 	text: autoDraw = True
407.8443 	EXP 	textbox: autoDraw = True
408.0614 	DATA 	Keypress: 1
408.3322 	DATA 	Keypress: 0
408.4787 	DATA 	Keypress: 0
409.1494 	DATA 	Keypress: backspace
409.3120 	DATA 	Keypress: backspace
410.0110 	DATA 	Keypress: backspace
411.2604 	DATA 	Keypress: 5
411.4122 	DATA 	Keypress: 0
412.7492 	DATA 	Mouse: Left button down, pos=(667,135)
412.7635 	EXP 	New trial (rep=4, index=10): {'delay': 0.4, 'freq': 1000, 'condition': 'exp'}
412.7763 	EXP 	text: autoDraw = False
412.7763 	EXP 	textbox: autoDraw = False
412.7763 	EXP 	polygon: autoDraw = True
412.8813 	DATA 	Mouse:  Left button up, pos=(667,135)
413.7760 	EXP 	polygon: autoDraw = False
413.7760 	EXP 	polygon_2: autoDraw = True
414.0800 	DATA 	Keypress: space
414.1092 	EXP 	polygon: autoDraw = False
414.1092 	EXP 	polygon_2: autoDraw = False
414.8093 	EXP 	text: autoDraw = True
414.8093 	EXP 	textbox: autoDraw = True
415.7594 	DATA 	Keypress: 1
415.9602 	DATA 	Keypress: 0
416.1118 	DATA 	Keypress: 0
417.4488 	DATA 	Mouse: Left button down, pos=(667,135)
417.4616 	EXP 	New trial (rep=4, index=11): {'delay': 0.7, 'freq': 400, 'condition': 'unexp'}
417.4754 	EXP 	text: autoDraw = False
417.4754 	EXP 	textbox: autoDraw = False
417.4754 	EXP 	polygon: autoDraw = True
417.5803 	DATA 	Mouse:  Left button up, pos=(667,135)
418.4748 	EXP 	polygon: autoDraw = False
418.4748 	EXP 	polygon_2: autoDraw = True
418.7444 	DATA 	Keypress: space
418.7747 	EXP 	polygon: autoDraw = False
418.7747 	EXP 	polygon_2: autoDraw = False
419.7744 	EXP 	text: autoDraw = True
419.7744 	EXP 	textbox: autoDraw = True
420.6966 	DATA 	Keypress: 1
420.9101 	DATA 	Keypress: 0
421.0303 	DATA 	Keypress: 0
422.3294 	DATA 	Mouse: Left button down, pos=(667,135)
422.3323 	EXP 	New trial (rep=5, index=0): {'delay': 0.1, 'freq': 1000, 'condition': 'exp'}
422.3408 	EXP 	text: autoDraw = False
422.3408 	EXP 	textbox: autoDraw = False
422.3408 	EXP 	polygon: autoDraw = True
422.4628 	DATA 	Mouse:  Left button up, pos=(667,135)
423.3406 	EXP 	polygon: autoDraw = False
423.3406 	EXP 	polygon_2: autoDraw = True
424.8107 	DATA 	Keypress: space
424.8231 	EXP 	polygon: autoDraw = False
424.8231 	EXP 	polygon_2: autoDraw = False
425.2238 	EXP 	text: autoDraw = True
425.2238 	EXP 	textbox: autoDraw = True
427.3276 	DATA 	Keypress: 5
427.4409 	DATA 	Keypress: 0
428.8968 	DATA 	Mouse: Left button down, pos=(674,173)
428.9086 	EXP 	New trial (rep=5, index=1): {'delay': 0.7, 'freq': 1000, 'condition': 'exp'}
428.9222 	EXP 	text: autoDraw = False
428.9222 	EXP 	textbox: autoDraw = False
428.9222 	EXP 	polygon: autoDraw = True
429.0262 	DATA 	Mouse:  Left button up, pos=(674,173)
429.9218 	EXP 	polygon: autoDraw = False
429.9218 	EXP 	polygon_2: autoDraw = True
430.2923 	DATA 	Keypress: space
430.3051 	EXP 	polygon: autoDraw = False
430.3051 	EXP 	polygon_2: autoDraw = False
431.3057 	EXP 	text: autoDraw = True
431.3057 	EXP 	textbox: autoDraw = True
433.2099 	DATA 	Keypress: 1
433.4277 	DATA 	Keypress: 0
433.5716 	DATA 	Keypress: 0
434.5434 	DATA 	Mouse: Left button down, pos=(669,147)
434.5452 	EXP 	New trial (rep=5, index=2): {'delay': 0.7, 'freq': 1000, 'condition': 'exp'}
434.5550 	EXP 	text: autoDraw = False
434.5550 	EXP 	textbox: autoDraw = False
434.5550 	EXP 	polygon: autoDraw = True
434.6750 	DATA 	Mouse:  Left button up, pos=(669,147)
435.5540 	EXP 	polygon: autoDraw = False
435.5540 	EXP 	polygon_2: autoDraw = True
440.0069 	DATA 	Keypress: space
440.0193 	EXP 	polygon: autoDraw = False
440.0193 	EXP 	polygon_2: autoDraw = False
441.0191 	EXP 	text: autoDraw = True
441.0191 	EXP 	textbox: autoDraw = True
441.4044 	DATA 	Keypress: 1
441.5881 	DATA 	Keypress: 0
441.7205 	DATA 	Keypress: 0
442.9908 	DATA 	Mouse: Left button down, pos=(669,147)
443.0052 	EXP 	New trial (rep=5, index=3): {'delay': 0.7, 'freq': 1000, 'condition': 'exp'}
443.0190 	EXP 	text: autoDraw = False
443.0190 	EXP 	textbox: autoDraw = False
443.0190 	EXP 	polygon: autoDraw = True
443.1222 	DATA 	Mouse:  Left button up, pos=(669,147)
444.0187 	EXP 	polygon: autoDraw = False
444.0187 	EXP 	polygon_2: autoDraw = True
444.7075 	DATA 	Keypress: space
444.7181 	EXP 	polygon: autoDraw = False
444.7181 	EXP 	polygon_2: autoDraw = False
445.7179 	EXP 	text: autoDraw = True
445.7179 	EXP 	textbox: autoDraw = True
447.2692 	DATA 	Keypress: 1
447.4183 	DATA 	Keypress: 0
447.5891 	DATA 	Keypress: 0
448.6395 	DATA 	Mouse: Left button down, pos=(669,147)
448.6541 	EXP 	New trial (rep=5, index=4): {'delay': 0.1, 'freq': 1000, 'condition': 'exp'}
448.6673 	EXP 	text: autoDraw = False
448.6673 	EXP 	textbox: autoDraw = False
448.6673 	EXP 	polygon: autoDraw = True
448.7719 	DATA 	Mouse:  Left button up, pos=(669,147)
449.6675 	EXP 	polygon: autoDraw = False
449.6675 	EXP 	polygon_2: autoDraw = True
516.3708 	DATA 	Keypress: space
516.3845 	EXP 	polygon: autoDraw = False
516.3845 	EXP 	polygon_2: autoDraw = False
516.7838 	EXP 	text: autoDraw = True
516.7838 	EXP 	textbox: autoDraw = True
518.3354 	DATA 	Keypress: 1
518.5839 	DATA 	Keypress: 0
518.7225 	DATA 	Keypress: 0
520.2180 	DATA 	Mouse: Left button down, pos=(669,147)
520.2201 	EXP 	New trial (rep=5, index=5): {'delay': 0.1, 'freq': 1000, 'condition': 'exp'}
520.2330 	EXP 	text: autoDraw = False
520.2330 	EXP 	textbox: autoDraw = False
520.2330 	EXP 	polygon: autoDraw = True
520.3527 	DATA 	Mouse:  Left button up, pos=(669,147)
521.2326 	EXP 	polygon: autoDraw = False
521.2326 	EXP 	polygon_2: autoDraw = True
521.5529 	DATA 	Keypress: space
521.5657 	EXP 	polygon: autoDraw = False
521.5657 	EXP 	polygon_2: autoDraw = False
521.9656 	EXP 	text: autoDraw = True
521.9656 	EXP 	textbox: autoDraw = True
523.7489 	DATA 	Keypress: 1
523.9039 	DATA 	Keypress: 0
524.0490 	DATA 	Keypress: 0
525.2704 	DATA 	Mouse: Left button down, pos=(669,147)
525.2847 	EXP 	New trial (rep=5, index=6): {'delay': 0.4, 'freq': 1000, 'condition': 'exp'}
525.2981 	EXP 	text: autoDraw = False
525.2981 	EXP 	textbox: autoDraw = False
525.2981 	EXP 	polygon: autoDraw = True
525.4025 	DATA 	Mouse:  Left button up, pos=(669,147)
526.2979 	EXP 	polygon: autoDraw = False
526.2979 	EXP 	polygon_2: autoDraw = True
527.6511 	DATA 	Keypress: space
527.6641 	EXP 	polygon: autoDraw = False
527.6641 	EXP 	polygon_2: autoDraw = False
528.3638 	EXP 	text: autoDraw = True
528.3638 	EXP 	textbox: autoDraw = True
529.0166 	DATA 	Keypress: 1
529.5312 	DATA 	Keypress: 0
529.6859 	DATA 	Keypress: 0
530.9329 	DATA 	Mouse: Left button down, pos=(669,147)
530.9344 	EXP 	New trial (rep=5, index=7): {'delay': 0.4, 'freq': 1000, 'condition': 'exp'}
530.9471 	EXP 	text: autoDraw = False
530.9471 	EXP 	textbox: autoDraw = False
530.9471 	EXP 	polygon: autoDraw = True
531.0679 	DATA 	Mouse:  Left button up, pos=(669,147)
531.9465 	EXP 	polygon: autoDraw = False
531.9465 	EXP 	polygon_2: autoDraw = True
532.2665 	DATA 	Keypress: space
532.2794 	EXP 	polygon: autoDraw = False
532.2794 	EXP 	polygon_2: autoDraw = False
532.9794 	EXP 	text: autoDraw = True
532.9794 	EXP 	textbox: autoDraw = True
533.5987 	DATA 	Keypress: 1
533.7652 	DATA 	Keypress: 0
533.9136 	DATA 	Keypress: 0
534.9200 	DATA 	Mouse: Left button down, pos=(669,147)
534.9332 	EXP 	New trial (rep=5, index=8): {'delay': 0.7, 'freq': 400, 'condition': 'unexp'}
534.9458 	EXP 	text: autoDraw = False
534.9458 	EXP 	textbox: autoDraw = False
534.9458 	EXP 	polygon: autoDraw = True
535.0527 	DATA 	Mouse:  Left button up, pos=(669,147)
535.9457 	EXP 	polygon: autoDraw = False
535.9457 	EXP 	polygon_2: autoDraw = True
537.5329 	DATA 	Keypress: space
537.5449 	EXP 	polygon: autoDraw = False
537.5449 	EXP 	polygon_2: autoDraw = False
538.5447 	EXP 	text: autoDraw = True
538.5447 	EXP 	textbox: autoDraw = True
539.5956 	DATA 	Keypress: 1
539.7512 	DATA 	Keypress: 0
539.8949 	DATA 	Keypress: 0
541.5329 	DATA 	Mouse: Left button down, pos=(669,147)
541.5482 	EXP 	New trial (rep=5, index=9): {'delay': 0.4, 'freq': 400, 'condition': 'unexp'}
541.5612 	EXP 	text: autoDraw = False
541.5612 	EXP 	textbox: autoDraw = False
541.5612 	EXP 	polygon: autoDraw = True
541.6642 	DATA 	Mouse:  Left button up, pos=(669,147)
542.2465 	DATA 	Keypress: escape
544.3999 	EXP 	window1: mouseVisible = True
